<?xml version="1.0" encoding="UTF-8"?>
<testsuite name="ru.mail.polis.homework.simple.HomeworkTaskTest" tests="1" skipped="0" failures="0" errors="0" timestamp="2020-03-01T10:41:22" hostname="PC-ПК" time="2.825">
  <properties/>
  <testcase name="calcIntegral" classname="ru.mail.polis.homework.simple.HomeworkTaskTest" time="2.825"/>
  <system-out><![CDATA[]]></system-out>
  <system-err><![CDATA[]]></system-err>
</testsuite>
